#
# There is insufficient memory for the Java Runtime Environment to continue.
# Native memory allocation (mmap) failed to map 100663296 bytes for G1 virtual space
# Possible reasons:
#   The system is out of physical RAM or swap space
#   The process is running with CompressedOops enabled, and the Java Heap may be blocking the growth of the native heap
# Possible solutions:
#   Reduce memory load on the system
#   Increase physical memory or swap space
#   Check if swap backing store is full
#   Decrease Java heap size (-Xmx/-Xms)
#   Decrease number of Java threads
#   Decrease Java thread stack sizes (-Xss)
#   Set larger code cache with -XX:ReservedCodeCacheSize=
#   JVM is running with Unscaled Compressed Oops mode in which the Java heap is
#     placed in the first 4GB address space. The Java Heap base address is the
#     maximum limit for the native heap growth. Please use -XX:HeapBaseMinAddress
#     to set the Java Heap base and to place the Java Heap above 4GB virtual address.
# This output file may be truncated or incomplete.
#
#  Out of Memory Error (os_windows.cpp:3466), pid=1424, tid=7060
#
# JRE version:  (16.0.1+9) (build )
# Java VM: Java HotSpot(TM) 64-Bit Server VM (16.0.1+9-24, mixed mode, sharing, tiered, compressed oops, compressed class ptrs, g1 gc, windows-amd64)
# No core dump will be written. Minidumps are not enabled by default on client versions of Windows
#

---------------  S U M M A R Y ------------

Command Line: -javaagent:C:\Program Files\JetBrains\IntelliJ IDEA Community Edition 2021.1.1\lib\idea_rt.jar=54944:C:\Program Files\JetBrains\IntelliJ IDEA Community Edition 2021.1.1\bin -Dfile.encoding=UTF-8 day4.Task1

Host: AMD Ryzen 3 3200U with Radeon Vega Mobile Gfx  , 4 cores, 5G,  Windows 10 , 64 bit Build 19041 (10.0.19041.928)
Time: Wed Jun  9 02:43:08 2021 RTZ 2 (s 10 , 64 bit Build 19041 (10.0.19041.928) elapsed time: 0.022961 seconds (0d 0h 0m 0s)

---------------  T H R E A D  ---------------

Current thread (0x0000023185200830):  JavaThread "Unknown thread" [_thread_in_vm, id=7060, stack(0x0000006780f00000,0x0000006781000000)]

Stack: [0x0000006780f00000,0x0000006781000000]
Native frames: (J=compiled Java code, j=interpreted, Vv=VM code, C=native code)
V  [jvm.dll+0x6687ca]
V  [jvm.dll+0x7ca3c9]
V  [jvm.dll+0x7cbb53]
V  [jvm.dll+0x7cc1b3]
V  [jvm.dll+0x242ea5]
V  [jvm.dll+0x665589]
V  [jvm.dll+0x65a175]
V  [jvm.dll+0x2fc5ab]
V  [jvm.dll+0x3037a6]
V  [jvm.dll+0x352fee]
V  [jvm.dll+0x35321f]
V  [jvm.dll+0x2d3618]
V  [jvm.dll+0x2d4854]
V  [jvm.dll+0x79ccb1]
V  [jvm.dll+0x360de1]
V  [jvm.dll+0x77a990]
V  [jvm.dll+0x3e55af]
V  [jvm.dll+0x3e7081]
C  [jli.dll+0x52fb]
C  [ucrtbase.dll+0x21bb2]
C  [KERNEL32.DLL+0x17034]
C  [ntdll.dll+0x52651]


---------------  P R O C E S S  ---------------

Threads class SMR info:
_java_thread_list=0x00007ff8630fcbb8, length=0, elements={
}

Java Threads: ( => current thread )

Other Threads:
  0x00000231852389f0 GCTaskThread "GC Thread#0" [stack: 0x0000006781000000,0x0000006781100000] [id=10612]
  0x0000023185245670 ConcurrentGCThread "G1 Main Marker" [stack: 0x0000006781100000,0x0000006781200000] [id=14156]
  0x00000231852461b0 ConcurrentGCThread "G1 Conc#0" [stack: 0x0000006781200000,0x0000006781300000] [id=13832]

[error occurred during error reporting (printing all threads), id 0xc0000005, EXCEPTION_ACCESS_VIOLATION (0xc0000005) at pc=0x00007ff8628d44d7]

VM state: not at safepoint (not fully initialized)

VM Mutex/Monitor currently owned by a thread:  ([mutex/lock_event])
[0x00000231851fe510] Heap_lock - owner thread: 0x0000023185200830

Heap address: 0x00000000a1e00000, size: 1506 MB, Compressed Oops mode: 32-bit

CDS archive(s) mapped at: [0x0000000000000000-0x0000000000000000-0x0000000000000000), size 0, SharedBaseAddress: 0x0000000800000000, ArchiveRelocationMode: 0.
Narrow klass base: 0x0000000000000000, Narrow klass shift: 0, Narrow klass range: 0x0

GC Precious Log:
<Empty>

Heap:
 garbage-first heap   total 0K, used 0K [0x00000000a1e00000, 0x0000000100000000)
  region size 1024K, 0 young (0K), 0 survivors (0K)

[error occurred during error reporting (printing heap information), id 0xc0000005, EXCEPTION_ACCESS_VIOLATION (0xc0000005) at pc=0x00007ff862cb24ed]

GC Heap History (0 events):
No events

Deoptimization events (0 events):
No events

Classes unloaded (0 events):
No events

Classes redefined (0 events):
No events

Internal exceptions (0 events):
No events

Events (1 events):
Event: 0.016 Loaded shared library C:\Program Files\Java\jdk-16.0.1\bin\java.dll


Dynamic libraries:
0x00007ff7784b0000 - 0x00007ff7784c0000 	C:\Program Files\Java\jdk-16.0.1\bin\java.exe
0x00007ff89a6f0000 - 0x00007ff89a8e5000 	C:\Windows\SYSTEM32\ntdll.dll
0x00007ff86ac20000 - 0x00007ff86ac33000 	C:\Program Files\Avast Software\Avast\aswhook.dll
0x00007ff899a00000 - 0x00007ff899abd000 	C:\Windows\System32\KERNEL32.DLL
0x00007ff897f30000 - 0x00007ff8981f8000 	C:\Windows\System32\KERNELBASE.dll
0x00007ff898280000 - 0x00007ff898380000 	C:\Windows\System32\ucrtbase.dll
0x00007ff893da0000 - 0x00007ff893db8000 	C:\Program Files\Java\jdk-16.0.1\bin\jli.dll
0x00007ff893930000 - 0x00007ff893949000 	C:\Program Files\Java\jdk-16.0.1\bin\VCRUNTIME140.dll
0x00007ff89a2b0000 - 0x00007ff89a35c000 	C:\Windows\System32\ADVAPI32.dll
0x00007ff89a160000 - 0x00007ff89a1fe000 	C:\Windows\System32\msvcrt.dll
0x00007ff899ac0000 - 0x00007ff899b5b000 	C:\Windows\System32\sechost.dll
0x00007ff899540000 - 0x00007ff89966b000 	C:\Windows\System32\RPCRT4.dll
0x00007ff888260000 - 0x00007ff8884fa000 	C:\Windows\WinSxS\amd64_microsoft.windows.common-controls_6595b64144ccf1df_6.0.19041.844_none_ca00b6081b84eb1d\COMCTL32.dll
0x00007ff89a370000 - 0x00007ff89a39a000 	C:\Windows\System32\GDI32.dll
0x00007ff898720000 - 0x00007ff898742000 	C:\Windows\System32\win32u.dll
0x00007ff899670000 - 0x00007ff899810000 	C:\Windows\System32\USER32.dll
0x00007ff898380000 - 0x00007ff89848b000 	C:\Windows\System32\gdi32full.dll
0x00007ff898520000 - 0x00007ff8985bd000 	C:\Windows\System32\msvcp_win.dll
0x00007ff8901f0000 - 0x00007ff8901fa000 	C:\Windows\SYSTEM32\VERSION.dll
0x00007ff898950000 - 0x00007ff898980000 	C:\Windows\System32\IMM32.DLL
0x00007ff8939b0000 - 0x00007ff8939bc000 	C:\Program Files\Java\jdk-16.0.1\bin\vcruntime140_1.dll
0x00007ff889ed0000 - 0x00007ff889f61000 	C:\Program Files\Java\jdk-16.0.1\bin\msvcp140.dll
0x00007ff8625f0000 - 0x00007ff86319b000 	C:\Program Files\Java\jdk-16.0.1\bin\server\jvm.dll
0x00007ff898940000 - 0x00007ff898948000 	C:\Windows\System32\PSAPI.DLL
0x00007ff88ff80000 - 0x00007ff88ffa7000 	C:\Windows\SYSTEM32\WINMM.dll
0x00007ff885fe0000 - 0x00007ff885fe9000 	C:\Windows\SYSTEM32\WSOCK32.dll
0x00007ff89a3a0000 - 0x00007ff89a40b000 	C:\Windows\System32\WS2_32.dll
0x00007ff895d80000 - 0x00007ff895d92000 	C:\Windows\SYSTEM32\kernel.appcore.dll
0x00007ff893920000 - 0x00007ff89392a000 	C:\Program Files\Java\jdk-16.0.1\bin\jimage.dll
0x00007ff88e8e0000 - 0x00007ff88eac4000 	C:\Windows\SYSTEM32\DBGHELP.DLL
0x00007ff88dd00000 - 0x00007ff88dd2c000 	C:\Windows\SYSTEM32\dbgcore.DLL
0x00007ff898200000 - 0x00007ff898280000 	C:\Windows\System32\bcryptPrimitives.dll
0x00007ff8938d0000 - 0x00007ff8938de000 	C:\Program Files\Java\jdk-16.0.1\bin\instrument.dll
0x00007ff8938f0000 - 0x00007ff893915000 	C:\Program Files\Java\jdk-16.0.1\bin\java.dll

dbghelp: loaded successfully - version: 4.0.5 - missing functions: none
symbol engine: initialized successfully - sym options: 0x614 - pdb path: .;C:\Program Files\Java\jdk-16.0.1\bin;C:\Windows\SYSTEM32;C:\Program Files\Avast Software\Avast;C:\Windows\WinSxS\amd64_microsoft.windows.common-controls_6595b64144ccf1df_6.0.19041.844_none_ca00b6081b84eb1d;C:\Program Files\Java\jdk-16.0.1\bin\server

VM Arguments:
jvm_args: -javaagent:C:\Program Files\JetBrains\IntelliJ IDEA Community Edition 2021.1.1\lib\idea_rt.jar=54944:C:\Program Files\JetBrains\IntelliJ IDEA Community Edition 2021.1.1\bin -Dfile.encoding=UTF-8 
java_command: day4.Task1
java_class_path (initial): C:\JavaLearn\JavaMarathon2021\target\classes;C:\Users\User\.m2\repository\com\github\lkoskela\beaninject\0.9\beaninject-0.9.jar;C:\Users\User\.m2\repository\org\openjfx\javafx-controls\13\javafx-controls-13.jar;C:\Users\User\.m2\repository\org\openjfx\javafx-controls\13\javafx-controls-13-win.jar;C:\Users\User\.m2\repository\org\openjfx\javafx-graphics\13\javafx-graphics-13.jar;C:\Users\User\.m2\repository\org\openjfx\javafx-graphics\13\javafx-graphics-13-win.jar;C:\Users\User\.m2\repository\org\openjfx\javafx-base\13\javafx-base-13.jar;C:\Users\User\.m2\repository\org\openjfx\javafx-base\13\javafx-base-13-win.jar;C:\Users\User\.m2\repository\org\openjfx\javafx-fxml\13\javafx-fxml-13.jar;C:\Users\User\.m2\repository\org\openjfx\javafx-fxml\13\javafx-fxml-13-win.jar
Launcher Type: SUN_STANDARD

[Global flags]
     intx CICompilerCount                          = 3                                         {product} {ergonomic}
     uint ConcGCThreads                            = 1                                         {product} {ergonomic}
     uint G1ConcRefinementThreads                  = 4                                         {product} {ergonomic}
   size_t G1HeapRegionSize                         = 1048576                                   {product} {ergonomic}
    uintx GCDrainStackTargetSize                   = 64                                        {product} {ergonomic}
   size_t InitialHeapSize                          = 100663296                                 {product} {ergonomic}
   size_t MarkStackSize                            = 4194304                                   {product} {ergonomic}
   size_t MaxHeapSize                              = 1579155456                                {product} {ergonomic}
   size_t MinHeapDeltaBytes                        = 1048576                                   {product} {ergonomic}
   size_t MinHeapSize                              = 8388608                                   {product} {ergonomic}
    uintx NonNMethodCodeHeapSize                   = 5832780                                {pd product} {ergonomic}
    uintx NonProfiledCodeHeapSize                  = 122912730                              {pd product} {ergonomic}
    uintx ProfiledCodeHeapSize                     = 122912730                              {pd product} {ergonomic}
    uintx ReservedCodeCacheSize                    = 251658240                              {pd product} {ergonomic}
     bool SegmentedCodeCache                       = true                                      {product} {ergonomic}
   size_t SoftMaxHeapSize                          = 1579155456                             {manageable} {ergonomic}
     bool UseCompressedClassPointers               = true                           {product lp64_product} {ergonomic}
     bool UseCompressedOops                        = true                           {product lp64_product} {ergonomic}
     bool UseG1GC                                  = true                                      {product} {ergonomic}
     bool UseLargePagesIndividualAllocation        = false                                  {pd product} {ergonomic}

Logging:
Log output configuration:
 #0: stdout all=warning uptime,level,tags
 #1: stderr all=off uptime,level,tags

Environment Variables:
JAVA_HOME=C:\Program Files\Java\jdk-16.0.1
PATH=C:\Program Files\Common Files\Oracle\Java\javapath;C:\Windows\system32;C:\Windows;C:\Windows\System32\Wbem;C:\Windows\System32\WindowsPowerShell\v1.0\;C:\Windows\System32\OpenSSH\;C:\Program Files\Git\cmd;C:\Program Files\Git\mingw64\bin;C:\Program Files\Git\usr\bin;C:\Users\User\AppData\Local\Microsoft\WindowsApps;
USERNAME=User
OS=Windows_NT
PROCESSOR_IDENTIFIER=AMD64 Family 23 Model 24 Stepping 1, AuthenticAMD



---------------  S Y S T E M  ---------------

OS:
 Windows 10 , 64 bit Build 19041 (10.0.19041.928)
OS uptime: 17 days 11:55 hours

CPU: total 4 (initial active 4) (4 cores per cpu, 2 threads per core) family 23 model 24 stepping 1 microcode 0x0, cx8, cmov, fxsr, ht, mmx, 3dnowpref, sse, sse2, sse3, ssse3, sse4a, sse4.1, sse4.2, popcnt, lzcnt, tsc, tscinvbit, avx, avx2, aes, clmul, bmi1, bmi2, adx, sha, fma, vzeroupper, clflush, clflushopt

Memory: 4k page, system-wide physical 6020M (793M free)
TotalPageFile size 9020M (AvailPageFile size 37M)
current process WorkingSet (physical memory assigned to process): 10M, peak: 10M
current process commit charge ("private bytes"): 52M, peak: 147M

vm_info: Java HotSpot(TM) 64-Bit Server VM (16.0.1+9-24) for windows-amd64 JRE (16.0.1+9-24), built on Mar 26 2021 19:31:42 by "mach5one" with MS VC++ 16.7 (VS2019)

END.
