#
# There is insufficient memory for the Java Runtime Environment to continue.
# Native memory allocation (mmap) failed to map 322961408 bytes for G1 virtual space
# Possible reasons:
#   The system is out of physical RAM or swap space
#   The process is running with CompressedOops enabled, and the Java Heap may be blocking the growth of the native heap
# Possible solutions:
#   Reduce memory load on the system
#   Increase physical memory or swap space
#   Check if swap backing store is full
#   Decrease Java heap size (-Xmx/-Xms)
#   Decrease number of Java threads
#   Decrease Java thread stack sizes (-Xss)
#   Set larger code cache with -XX:ReservedCodeCacheSize=
#   JVM is running with Unscaled Compressed Oops mode in which the Java heap is
#     placed in the first 4GB address space. The Java Heap base address is the
#     maximum limit for the native heap growth. Please use -XX:HeapBaseMinAddress
#     to set the Java Heap base and to place the Java Heap above 4GB virtual address.
# This output file may be truncated or incomplete.
#
#  Out of Memory Error (os_windows.cpp:3466), pid=2724, tid=12616
#
# JRE version: Java(TM) SE Runtime Environment (16.0.1+9) (build 16.0.1+9-24)
# Java VM: Java HotSpot(TM) 64-Bit Server VM (16.0.1+9-24, mixed mode, sharing, tiered, compressed oops, compressed class ptrs, g1 gc, windows-amd64)
# No core dump will be written. Minidumps are not enabled by default on client versions of Windows
#

---------------  S U M M A R Y ------------

Command Line: -javaagent:C:\Program Files\JetBrains\IntelliJ IDEA Community Edition 2021.1.1\lib\idea_rt.jar=50387:C:\Program Files\JetBrains\IntelliJ IDEA Community Edition 2021.1.1\bin -Dfile.encoding=UTF-8 day8.Task1

Host: AMD Ryzen 3 3200U with Radeon Vega Mobile Gfx  , 4 cores, 5G,  Windows 10 , 64 bit Build 19041 (10.0.19041.928)
Time: Fri Jun  4 14:52:11 2021 RTZ 2 (s 10 , 64 bit Build 19041 (10.0.19041.928) elapsed time: 0.706920 seconds (0d 0h 0m 0s)

---------------  T H R E A D  ---------------

Current thread (0x0000020922526a10):  VMThread "VM Thread" [stack: 0x00000021c7a00000,0x00000021c7b00000] [id=12616]

Stack: [0x00000021c7a00000,0x00000021c7b00000]
Native frames: (J=compiled Java code, j=interpreted, Vv=VM code, C=native code)
V  [jvm.dll+0x6687ca]
V  [jvm.dll+0x7ca3c9]
V  [jvm.dll+0x7cbb53]
V  [jvm.dll+0x7cc1b3]
V  [jvm.dll+0x242ea5]
V  [jvm.dll+0x665589]
V  [jvm.dll+0x65a175]
V  [jvm.dll+0x2fc5ab]
V  [jvm.dll+0x3037a6]
V  [jvm.dll+0x352fee]
V  [jvm.dll+0x35321f]
V  [jvm.dll+0x2d3618]
V  [jvm.dll+0x2d11a5]
V  [jvm.dll+0x2d07dc]
V  [jvm.dll+0x3158c2]
V  [jvm.dll+0x7d05eb]
V  [jvm.dll+0x7d12e4]
V  [jvm.dll+0x7d17e9]
V  [jvm.dll+0x7d1aa4]
V  [jvm.dll+0x7d1b70]
V  [jvm.dll+0x779b4a]
V  [jvm.dll+0x667666]
C  [ucrtbase.dll+0x21bb2]
C  [KERNEL32.DLL+0x17034]
C  [ntdll.dll+0x52651]

VM_Operation (0x00000021c74fef20): G1CollectForAllocation, mode: safepoint, requested by thread 0x000002092244f310


---------------  P R O C E S S  ---------------

Threads class SMR info:
_java_thread_list=0x000002093f5bc220, length=14, elements={
0x000002092244f310, 0x000002093e83df50, 0x000002093e83f000, 0x000002093e8537f0,
0x000002093e856110, 0x000002093e8592c0, 0x000002093e859cc0, 0x000002093e85a9f0,
0x000002093e85bcf0, 0x000002093e85ced0, 0x000002093e91e6e0, 0x000002093f50fff0,
0x000002093f5aaba0, 0x000002093f6a52a0
}

Java Threads: ( => current thread )
  0x000002092244f310 JavaThread "main" [_thread_blocked, id=4056, stack(0x00000021c7400000,0x00000021c7500000)]
  0x000002093e83df50 JavaThread "Reference Handler" daemon [_thread_blocked, id=12464, stack(0x00000021c7b00000,0x00000021c7c00000)]
  0x000002093e83f000 JavaThread "Finalizer" daemon [_thread_blocked, id=3424, stack(0x00000021c7c00000,0x00000021c7d00000)]
  0x000002093e8537f0 JavaThread "Signal Dispatcher" daemon [_thread_blocked, id=10996, stack(0x00000021c7e00000,0x00000021c7f00000)]
  0x000002093e856110 JavaThread "Attach Listener" daemon [_thread_blocked, id=9936, stack(0x00000021c7f00000,0x00000021c8000000)]
  0x000002093e8592c0 JavaThread "Service Thread" daemon [_thread_blocked, id=14196, stack(0x00000021c8000000,0x00000021c8100000)]
  0x000002093e859cc0 JavaThread "Monitor Deflation Thread" daemon [_thread_blocked, id=12984, stack(0x00000021c8100000,0x00000021c8200000)]
  0x000002093e85a9f0 JavaThread "C2 CompilerThread0" daemon [_thread_blocked, id=11108, stack(0x00000021c8200000,0x00000021c8300000)]
  0x000002093e85bcf0 JavaThread "C1 CompilerThread0" daemon [_thread_blocked, id=13996, stack(0x00000021c8300000,0x00000021c8400000)]
  0x000002093e85ced0 JavaThread "Sweeper thread" daemon [_thread_blocked, id=9044, stack(0x00000021c8400000,0x00000021c8500000)]
  0x000002093e91e6e0 JavaThread "Common-Cleaner" daemon [_thread_blocked, id=7900, stack(0x00000021c8500000,0x00000021c8600000)]
  0x000002093f50fff0 JavaThread "Monitor Ctrl-Break" daemon [_thread_in_native, id=5152, stack(0x00000021c8600000,0x00000021c8700000)]
  0x000002093f5aaba0 JavaThread "Notification Thread" daemon [_thread_blocked, id=8436, stack(0x00000021c8700000,0x00000021c8800000)]
  0x000002093f6a52a0 JavaThread "C2 CompilerThread1" daemon [_thread_blocked, id=1068, stack(0x00000021c8b00000,0x00000021c8c00000)]

Other Threads:
=>0x0000020922526a10 VMThread "VM Thread" [stack: 0x00000021c7a00000,0x00000021c7b00000] [id=12616]
  0x00000209224500d0 WatcherThread [stack: 0x00000021c8800000,0x00000021c8900000] [id=2428]
  0x00000209224878b0 GCTaskThread "GC Thread#0" [stack: 0x00000021c7500000,0x00000021c7600000] [id=8496]
  0x000002093f694000 GCTaskThread "GC Thread#1" [stack: 0x00000021c8900000,0x00000021c8a00000] [id=9196]
  0x000002093f6a5aa0 GCTaskThread "GC Thread#2" [stack: 0x00000021c8a00000,0x00000021c8b00000] [id=1376]
  0x000002093f6a1ea0 GCTaskThread "GC Thread#3" [stack: 0x00000021c8c00000,0x00000021c8d00000] [id=4856]
  0x00000209224944d0 ConcurrentGCThread "G1 Main Marker" [stack: 0x00000021c7600000,0x00000021c7700000] [id=10336]
  0x0000020922494e60 ConcurrentGCThread "G1 Conc#0" [stack: 0x00000021c7700000,0x00000021c7800000] [id=10076]
  0x00000209224f5c90 ConcurrentGCThread "G1 Refine#0" [stack: 0x00000021c7800000,0x00000021c7900000] [id=10452]
  0x00000209224f65b0 ConcurrentGCThread "G1 Service" [stack: 0x00000021c7900000,0x00000021c7a00000] [id=11944]

Threads with active compile tasks:

VM state: at safepoint (normal execution)

VM Mutex/Monitor currently owned by a thread:  ([mutex/lock_event])
[0x000002092244b210] Threads_lock - owner thread: 0x0000020922526a10
[0x000002092244b180] Heap_lock - owner thread: 0x000002092244f310

Heap address: 0x00000000a1e00000, size: 1506 MB, Compressed Oops mode: 32-bit

CDS archive(s) mapped at: [0x0000000800000000-0x0000000800bb0000-0x0000000800bb0000), size 12255232, SharedBaseAddress: 0x0000000800000000, ArchiveRelocationMode: 0.
Compressed class space mapped at: 0x0000000800c00000-0x0000000840c00000, reserved size: 1073741824
Narrow klass base: 0x0000000800000000, Narrow klass shift: 3, Narrow klass range: 0x100000000

GC Precious Log:
 CPUs: 4 total, 4 available
 Memory: 6020M
 Large Page Support: Disabled
 NUMA Support: Disabled
 Compressed Oops: Enabled (32-bit)
 Heap Region Size: 1M
 Heap Min Capacity: 8M
 Heap Initial Capacity: 96M
 Heap Max Capacity: 1506M
 Pre-touch: Disabled
 Parallel Workers: 4
 Concurrent Workers: 1
 Concurrent Refinement Workers: 4
 Periodic GC: Disabled

Heap:
 garbage-first heap   total 196608K, used 1607K [0x00000000a1e00000, 0x0000000100000000)
  region size 1024K, 2 young (2048K), 2 survivors (2048K)
 Metaspace       used 888K, committed 1024K, reserved 1056768K
  class space    used 61K, committed 128K, reserved 1048576K

Heap Regions: E=young(eden), S=young(survivor), O=old, HS=humongous(starts), HC=humongous(continues), CS=collection set, F=free, OA=open archive, CA=closed archive, TAMS=top-at-mark-start (previous, next)
|   0|0x00000000a1e00000, 0x00000000a1e00000, 0x00000000a1f00000|  0%| F|  |TAMS 0x00000000a1e00000, 0x00000000a1e00000| Untracked 
|   1|0x00000000a1f00000, 0x00000000a1f00000, 0x00000000a2000000|  0%| F|  |TAMS 0x00000000a1f00000, 0x00000000a1f00000| Untracked 
|   2|0x00000000a2000000, 0x00000000a2000000, 0x00000000a2100000|  0%| F|  |TAMS 0x00000000a2000000, 0x00000000a2000000| Untracked 
|   3|0x00000000a2100000, 0x00000000a2100000, 0x00000000a2200000|  0%| F|  |TAMS 0x00000000a2100000, 0x00000000a2100000| Untracked 
|   4|0x00000000a2200000, 0x00000000a2200000, 0x00000000a2300000|  0%| F|  |TAMS 0x00000000a2200000, 0x00000000a2200000| Untracked 
|   5|0x00000000a2300000, 0x00000000a2300000, 0x00000000a2400000|  0%| F|  |TAMS 0x00000000a2300000, 0x00000000a2300000| Untracked 
|   6|0x00000000a2400000, 0x00000000a2400000, 0x00000000a2500000|  0%| F|  |TAMS 0x00000000a2400000, 0x00000000a2400000| Untracked 
|   7|0x00000000a2500000, 0x00000000a2500000, 0x00000000a2600000|  0%| F|  |TAMS 0x00000000a2500000, 0x00000000a2500000| Untracked 
|   8|0x00000000a2600000, 0x00000000a2600000, 0x00000000a2700000|  0%| F|  |TAMS 0x00000000a2600000, 0x00000000a2600000| Untracked 
|   9|0x00000000a2700000, 0x00000000a2700000, 0x00000000a2800000|  0%| F|  |TAMS 0x00000000a2700000, 0x00000000a2700000| Untracked 
|  10|0x00000000a2800000, 0x00000000a2800000, 0x00000000a2900000|  0%| F|  |TAMS 0x00000000a2800000, 0x00000000a2800000| Untracked 
|  11|0x00000000a2900000, 0x00000000a2900000, 0x00000000a2a00000|  0%| F|  |TAMS 0x00000000a2900000, 0x00000000a2900000| Untracked 
|  12|0x00000000a2a00000, 0x00000000a2a00000, 0x00000000a2b00000|  0%| F|  |TAMS 0x00000000a2a00000, 0x00000000a2a00000| Untracked 
|  13|0x00000000a2b00000, 0x00000000a2b00000, 0x00000000a2c00000|  0%| F|  |TAMS 0x00000000a2b00000, 0x00000000a2b00000| Untracked 
|  14|0x00000000a2c00000, 0x00000000a2c00000, 0x00000000a2d00000|  0%| F|  |TAMS 0x00000000a2c00000, 0x00000000a2c00000| Untracked 
|  15|0x00000000a2d00000, 0x00000000a2d00000, 0x00000000a2e00000|  0%| F|  |TAMS 0x00000000a2d00000, 0x00000000a2d00000| Untracked 
|  16|0x00000000a2e00000, 0x00000000a2e00000, 0x00000000a2f00000|  0%| F|  |TAMS 0x00000000a2e00000, 0x00000000a2e00000| Untracked 
|  17|0x00000000a2f00000, 0x00000000a2f00000, 0x00000000a3000000|  0%| F|  |TAMS 0x00000000a2f00000, 0x00000000a2f00000| Untracked 
|  18|0x00000000a3000000, 0x00000000a3000000, 0x00000000a3100000|  0%| F|  |TAMS 0x00000000a3000000, 0x00000000a3000000| Untracked 
|  19|0x00000000a3100000, 0x00000000a3100000, 0x00000000a3200000|  0%| F|  |TAMS 0x00000000a3100000, 0x00000000a3100000| Untracked 
|  20|0x00000000a3200000, 0x00000000a3200000, 0x00000000a3300000|  0%| F|  |TAMS 0x00000000a3200000, 0x00000000a3200000| Untracked 
|  21|0x00000000a3300000, 0x00000000a3300000, 0x00000000a3400000|  0%| F|  |TAMS 0x00000000a3300000, 0x00000000a3300000| Untracked 
|  22|0x00000000a3400000, 0x00000000a3400000, 0x00000000a3500000|  0%| F|  |TAMS 0x00000000a3400000, 0x00000000a3400000| Untracked 
|  23|0x00000000a3500000, 0x00000000a3500000, 0x00000000a3600000|  0%| F|  |TAMS 0x00000000a3500000, 0x00000000a3500000| Untracked 
|  24|0x00000000a3600000, 0x00000000a3600000, 0x00000000a3700000|  0%| F|  |TAMS 0x00000000a3600000, 0x00000000a3600000| Untracked 
|  25|0x00000000a3700000, 0x00000000a3700000, 0x00000000a3800000|  0%| F|  |TAMS 0x00000000a3700000, 0x00000000a3700000| Untracked 
|  26|0x00000000a3800000, 0x00000000a3800000, 0x00000000a3900000|  0%| F|  |TAMS 0x00000000a3800000, 0x00000000a3800000| Untracked 
|  27|0x00000000a3900000, 0x00000000a3900000, 0x00000000a3a00000|  0%| F|  |TAMS 0x00000000a3900000, 0x00000000a3900000| Untracked 
|  28|0x00000000a3a00000, 0x00000000a3a00000, 0x00000000a3b00000|  0%| F|  |TAMS 0x00000000a3a00000, 0x00000000a3a00000| Untracked 
|  29|0x00000000a3b00000, 0x00000000a3b00000, 0x00000000a3c00000|  0%| F|  |TAMS 0x00000000a3b00000, 0x00000000a3b00000| Untracked 
|  30|0x00000000a3c00000, 0x00000000a3c00000, 0x00000000a3d00000|  0%| F|  |TAMS 0x00000000a3c00000, 0x00000000a3c00000| Untracked 
|  31|0x00000000a3d00000, 0x00000000a3d00000, 0x00000000a3e00000|  0%| F|  |TAMS 0x00000000a3d00000, 0x00000000a3d00000| Untracked 
|  32|0x00000000a3e00000, 0x00000000a3e00000, 0x00000000a3f00000|  0%| F|  |TAMS 0x00000000a3e00000, 0x00000000a3e00000| Untracked 
|  33|0x00000000a3f00000, 0x00000000a3f00000, 0x00000000a4000000|  0%| F|  |TAMS 0x00000000a3f00000, 0x00000000a3f00000| Untracked 
|  34|0x00000000a4000000, 0x00000000a4000000, 0x00000000a4100000|  0%| F|  |TAMS 0x00000000a4000000, 0x00000000a4000000| Untracked 
|  35|0x00000000a4100000, 0x00000000a4100000, 0x00000000a4200000|  0%| F|  |TAMS 0x00000000a4100000, 0x00000000a4100000| Untracked 
|  36|0x00000000a4200000, 0x00000000a4200000, 0x00000000a4300000|  0%| F|  |TAMS 0x00000000a4200000, 0x00000000a4200000| Untracked 
|  37|0x00000000a4300000, 0x00000000a4300000, 0x00000000a4400000|  0%| F|  |TAMS 0x00000000a4300000, 0x00000000a4300000| Untracked 
|  38|0x00000000a4400000, 0x00000000a4400000, 0x00000000a4500000|  0%| F|  |TAMS 0x00000000a4400000, 0x00000000a4400000| Untracked 
|  39|0x00000000a4500000, 0x00000000a4500000, 0x00000000a4600000|  0%| F|  |TAMS 0x00000000a4500000, 0x00000000a4500000| Untracked 
|  40|0x00000000a4600000, 0x00000000a4600000, 0x00000000a4700000|  0%| F|  |TAMS 0x00000000a4600000, 0x00000000a4600000| Untracked 
|  41|0x00000000a4700000, 0x00000000a4700000, 0x00000000a4800000|  0%| F|  |TAMS 0x00000000a4700000, 0x00000000a4700000| Untracked 
|  42|0x00000000a4800000, 0x00000000a4800000, 0x00000000a4900000|  0%| F|  |TAMS 0x00000000a4800000, 0x00000000a4800000| Untracked 
|  43|0x00000000a4900000, 0x00000000a4900000, 0x00000000a4a00000|  0%| F|  |TAMS 0x00000000a4900000, 0x00000000a4900000| Untracked 
|  44|0x00000000a4a00000, 0x00000000a4a00000, 0x00000000a4b00000|  0%| F|  |TAMS 0x00000000a4a00000, 0x00000000a4a00000| Untracked 
|  45|0x00000000a4b00000, 0x00000000a4b00000, 0x00000000a4c00000|  0%| F|  |TAMS 0x00000000a4b00000, 0x00000000a4b00000| Untracked 
|  46|0x00000000a4c00000, 0x00000000a4c00000, 0x00000000a4d00000|  0%| F|  |TAMS 0x00000000a4c00000, 0x00000000a4c00000| Untracked 
|  47|0x00000000a4d00000, 0x00000000a4d00000, 0x00000000a4e00000|  0%| F|  |TAMS 0x00000000a4d00000, 0x00000000a4d00000| Untracked 
|  48|0x00000000a4e00000, 0x00000000a4e00000, 0x00000000a4f00000|  0%| F|  |TAMS 0x00000000a4e00000, 0x00000000a4e00000| Untracked 
|  49|0x00000000a4f00000, 0x00000000a4f00000, 0x00000000a5000000|  0%| F|  |TAMS 0x00000000a4f00000, 0x00000000a4f00000| Untracked 
|  50|0x00000000a5000000, 0x00000000a5000000, 0x00000000a5100000|  0%| F|  |TAMS 0x00000000a5000000, 0x00000000a5000000| Untracked 
|  51|0x00000000a5100000, 0x00000000a5100000, 0x00000000a5200000|  0%| F|  |TAMS 0x00000000a5100000, 0x00000000a5100000| Untracked 
|  52|0x00000000a5200000, 0x00000000a5200000, 0x00000000a5300000|  0%| F|  |TAMS 0x00000000a5200000, 0x00000000a5200000| Untracked 
|  53|0x00000000a5300000, 0x00000000a5300000, 0x00000000a5400000|  0%| F|  |TAMS 0x00000000a5300000, 0x00000000a5300000| Untracked 
|  54|0x00000000a5400000, 0x00000000a5400000, 0x00000000a5500000|  0%| F|  |TAMS 0x00000000a5400000, 0x00000000a5400000| Untracked 
|  55|0x00000000a5500000, 0x00000000a5500000, 0x00000000a5600000|  0%| F|  |TAMS 0x00000000a5500000, 0x00000000a5500000| Untracked 
|  56|0x00000000a5600000, 0x00000000a5600000, 0x00000000a5700000|  0%| F|  |TAMS 0x00000000a5600000, 0x00000000a5600000| Untracked 
|  57|0x00000000a5700000, 0x00000000a5700000, 0x00000000a5800000|  0%| F|  |TAMS 0x00000000a5700000, 0x00000000a5700000| Untracked 
|  58|0x00000000a5800000, 0x00000000a5800000, 0x00000000a5900000|  0%| F|  |TAMS 0x00000000a5800000, 0x00000000a5800000| Untracked 
|  59|0x00000000a5900000, 0x00000000a5900000, 0x00000000a5a00000|  0%| F|  |TAMS 0x00000000a5900000, 0x00000000a5900000| Untracked 
|  60|0x00000000a5a00000, 0x00000000a5a00000, 0x00000000a5b00000|  0%| F|  |TAMS 0x00000000a5a00000, 0x00000000a5a00000| Untracked 
|  61|0x00000000a5b00000, 0x00000000a5b00000, 0x00000000a5c00000|  0%| F|  |TAMS 0x00000000a5b00000, 0x00000000a5b00000| Untracked 
|  62|0x00000000a5c00000, 0x00000000a5c00000, 0x00000000a5d00000|  0%| F|  |TAMS 0x00000000a5c00000, 0x00000000a5c00000| Untracked 
|  63|0x00000000a5d00000, 0x00000000a5d00000, 0x00000000a5e00000|  0%| F|  |TAMS 0x00000000a5d00000, 0x00000000a5d00000| Untracked 
|  64|0x00000000a5e00000, 0x00000000a5e00000, 0x00000000a5f00000|  0%| F|  |TAMS 0x00000000a5e00000, 0x00000000a5e00000| Untracked 
|  65|0x00000000a5f00000, 0x00000000a5f00000, 0x00000000a6000000|  0%| F|  |TAMS 0x00000000a5f00000, 0x00000000a5f00000| Untracked 
|  66|0x00000000a6000000, 0x00000000a6000000, 0x00000000a6100000|  0%| F|  |TAMS 0x00000000a6000000, 0x00000000a6000000| Untracked 
|  67|0x00000000a6100000, 0x00000000a6100000, 0x00000000a6200000|  0%| F|  |TAMS 0x00000000a6100000, 0x00000000a6100000| Untracked 
|  68|0x00000000a6200000, 0x00000000a6200000, 0x00000000a6300000|  0%| F|  |TAMS 0x00000000a6200000, 0x00000000a6200000| Untracked 
|  69|0x00000000a6300000, 0x00000000a6300000, 0x00000000a6400000|  0%| F|  |TAMS 0x00000000a6300000, 0x00000000a6300000| Untracked 
|  70|0x00000000a6400000, 0x00000000a6400000, 0x00000000a6500000|  0%| F|  |TAMS 0x00000000a6400000, 0x00000000a6400000| Untracked 
|  71|0x00000000a6500000, 0x00000000a6500000, 0x00000000a6600000|  0%| F|  |TAMS 0x00000000a6500000, 0x00000000a6500000| Untracked 
|  72|0x00000000a6600000, 0x00000000a6600000, 0x00000000a6700000|  0%| F|  |TAMS 0x00000000a6600000, 0x00000000a6600000| Untracked 
|  73|0x00000000a6700000, 0x00000000a6700000, 0x00000000a6800000|  0%| F|  |TAMS 0x00000000a6700000, 0x00000000a6700000| Untracked 
|  74|0x00000000a6800000, 0x00000000a6800000, 0x00000000a6900000|  0%| F|  |TAMS 0x00000000a6800000, 0x00000000a6800000| Untracked 
|  75|0x00000000a6900000, 0x00000000a6900000, 0x00000000a6a00000|  0%| F|  |TAMS 0x00000000a6900000, 0x00000000a6900000| Untracked 
|  76|0x00000000a6a00000, 0x00000000a6a00000, 0x00000000a6b00000|  0%| F|  |TAMS 0x00000000a6a00000, 0x00000000a6a00000| Untracked 
|  77|0x00000000a6b00000, 0x00000000a6b91d10, 0x00000000a6c00000| 56%| S|CS|TAMS 0x00000000a6b00000, 0x00000000a6b00000| Complete 
|  78|0x00000000a6c00000, 0x00000000a6d00000, 0x00000000a6d00000|100%| S|CS|TAMS 0x00000000a6c00000, 0x00000000a6c00000| Complete 
|  79|0x00000000a6d00000, 0x00000000a6d00000, 0x00000000a6e00000|  0%| F|  |TAMS 0x00000000a6d00000, 0x00000000a6d00000| Untracked 
|  80|0x00000000a6e00000, 0x00000000a6e00000, 0x00000000a6f00000|  0%| F|  |TAMS 0x00000000a6e00000, 0x00000000a6e00000| Untracked 
|  81|0x00000000a6f00000, 0x00000000a6f00000, 0x00000000a7000000|  0%| F|  |TAMS 0x00000000a6f00000, 0x00000000a6f00000| Untracked 
|  82|0x00000000a7000000, 0x00000000a7000000, 0x00000000a7100000|  0%| F|  |TAMS 0x00000000a7000000, 0x00000000a7000000| Untracked 
|  83|0x00000000a7100000, 0x00000000a7100000, 0x00000000a7200000|  0%| F|  |TAMS 0x00000000a7100000, 0x00000000a7100000| Untracked 
|  84|0x00000000a7200000, 0x00000000a7200000, 0x00000000a7300000|  0%| F|  |TAMS 0x00000000a7200000, 0x00000000a7200000| Untracked 
|  85|0x00000000a7300000, 0x00000000a7300000, 0x00000000a7400000|  0%| F|  |TAMS 0x00000000a7300000, 0x00000000a7300000| Untracked 
|  86|0x00000000a7400000, 0x00000000a7400000, 0x00000000a7500000|  0%| F|  |TAMS 0x00000000a7400000, 0x00000000a7400000| Untracked 
|  87|0x00000000a7500000, 0x00000000a7500000, 0x00000000a7600000|  0%| F|  |TAMS 0x00000000a7500000, 0x00000000a7500000| Untracked 
|  88|0x00000000a7600000, 0x00000000a7600000, 0x00000000a7700000|  0%| F|  |TAMS 0x00000000a7600000, 0x00000000a7600000| Untracked 
|  89|0x00000000a7700000, 0x00000000a7700000, 0x00000000a7800000|  0%| F|  |TAMS 0x00000000a7700000, 0x00000000a7700000| Untracked 
|  90|0x00000000a7800000, 0x00000000a7800000, 0x00000000a7900000|  0%| F|  |TAMS 0x00000000a7800000, 0x00000000a7800000| Untracked 
|  91|0x00000000a7900000, 0x00000000a7900000, 0x00000000a7a00000|  0%| F|  |TAMS 0x00000000a7900000, 0x00000000a7900000| Untracked 
|  92|0x00000000a7a00000, 0x00000000a7a00000, 0x00000000a7b00000|  0%| F|  |TAMS 0x00000000a7a00000, 0x00000000a7a00000| Untracked 
|  93|0x00000000a7b00000, 0x00000000a7b00000, 0x00000000a7c00000|  0%| F|  |TAMS 0x00000000a7b00000, 0x00000000a7b00000| Untracked 
|  94|0x00000000a7c00000, 0x00000000a7c00000, 0x00000000a7d00000|  0%| F|  |TAMS 0x00000000a7c00000, 0x00000000a7c00000| Untracked 
|  95|0x00000000a7d00000, 0x00000000a7d00000, 0x00000000a7e00000|  0%| F|  |TAMS 0x00000000a7d00000, 0x00000000a7d00000| Untracked 
|  96|0x00000000a7e00000, 0x00000000a7e00000, 0x00000000a7f00000|  0%| F|  |TAMS 0x00000000a7e00000, 0x00000000a7e00000| Untracked 
|  97|0x00000000a7f00000, 0x00000000a7f00000, 0x00000000a8000000|  0%| F|  |TAMS 0x00000000a7f00000, 0x00000000a7f00000| Untracked 
|  98|0x00000000a8000000, 0x00000000a8000000, 0x00000000a8100000|  0%| F|  |TAMS 0x00000000a8000000, 0x00000000a8000000| Untracked 
|  99|0x00000000a8100000, 0x00000000a8100000, 0x00000000a8200000|  0%| F|  |TAMS 0x00000000a8100000, 0x00000000a8100000| Untracked 
| 100|0x00000000a8200000, 0x00000000a8200000, 0x00000000a8300000|  0%| F|  |TAMS 0x00000000a8200000, 0x00000000a8200000| Untracked 
| 101|0x00000000a8300000, 0x00000000a8300000, 0x00000000a8400000|  0%| F|  |TAMS 0x00000000a8300000, 0x00000000a8300000| Untracked 
| 102|0x00000000a8400000, 0x00000000a8400000, 0x00000000a8500000|  0%| F|  |TAMS 0x00000000a8400000, 0x00000000a8400000| Untracked 
| 103|0x00000000a8500000, 0x00000000a8500000, 0x00000000a8600000|  0%| F|  |TAMS 0x00000000a8500000, 0x00000000a8500000| Untracked 
| 104|0x00000000a8600000, 0x00000000a8600000, 0x00000000a8700000|  0%| F|  |TAMS 0x00000000a8600000, 0x00000000a8600000| Untracked 
| 105|0x00000000a8700000, 0x00000000a8700000, 0x00000000a8800000|  0%| F|  |TAMS 0x00000000a8700000, 0x00000000a8700000| Untracked 
| 106|0x00000000a8800000, 0x00000000a8800000, 0x00000000a8900000|  0%| F|  |TAMS 0x00000000a8800000, 0x00000000a8800000| Untracked 
| 107|0x00000000a8900000, 0x00000000a8900000, 0x00000000a8a00000|  0%| F|  |TAMS 0x00000000a8900000, 0x00000000a8900000| Untracked 
| 108|0x00000000a8a00000, 0x00000000a8a00000, 0x00000000a8b00000|  0%| F|  |TAMS 0x00000000a8a00000, 0x00000000a8a00000| Untracked 
| 109|0x00000000a8b00000, 0x00000000a8b00000, 0x00000000a8c00000|  0%| F|  |TAMS 0x00000000a8b00000, 0x00000000a8b00000| Untracked 
| 110|0x00000000a8c00000, 0x00000000a8c00000, 0x00000000a8d00000|  0%| F|  |TAMS 0x00000000a8c00000, 0x00000000a8c00000| Untracked 
| 111|0x00000000a8d00000, 0x00000000a8d00000, 0x00000000a8e00000|  0%| F|  |TAMS 0x00000000a8d00000, 0x00000000a8d00000| Untracked 
| 112|0x00000000a8e00000, 0x00000000a8e00000, 0x00000000a8f00000|  0%| F|  |TAMS 0x00000000a8e00000, 0x00000000a8e00000| Untracked 
| 113|0x00000000a8f00000, 0x00000000a8f00000, 0x00000000a9000000|  0%| F|  |TAMS 0x00000000a8f00000, 0x00000000a8f00000| Untracked 
| 114|0x00000000a9000000, 0x00000000a9000000, 0x00000000a9100000|  0%| F|  |TAMS 0x00000000a9000000, 0x00000000a9000000| Untracked 
| 115|0x00000000a9100000, 0x00000000a9100000, 0x00000000a9200000|  0%| F|  |TAMS 0x00000000a9100000, 0x00000000a9100000| Untracked 
| 116|0x00000000a9200000, 0x00000000a9200000, 0x00000000a9300000|  0%| F|  |TAMS 0x00000000a9200000, 0x00000000a9200000| Untracked 
| 117|0x00000000a9300000, 0x00000000a9300000, 0x00000000a9400000|  0%| F|  |TAMS 0x00000000a9300000, 0x00000000a9300000| Untracked 
| 118|0x00000000a9400000, 0x00000000a9400000, 0x00000000a9500000|  0%| F|  |TAMS 0x00000000a9400000, 0x00000000a9400000| Untracked 
| 119|0x00000000a9500000, 0x00000000a9500000, 0x00000000a9600000|  0%| F|  |TAMS 0x00000000a9500000, 0x00000000a9500000| Untracked 
| 120|0x00000000a9600000, 0x00000000a9600000, 0x00000000a9700000|  0%| F|  |TAMS 0x00000000a9600000, 0x00000000a9600000| Untracked 
| 121|0x00000000a9700000, 0x00000000a9700000, 0x00000000a9800000|  0%| F|  |TAMS 0x00000000a9700000, 0x00000000a9700000| Untracked 
| 122|0x00000000a9800000, 0x00000000a9800000, 0x00000000a9900000|  0%| F|  |TAMS 0x00000000a9800000, 0x00000000a9800000| Untracked 
| 123|0x00000000a9900000, 0x00000000a9900000, 0x00000000a9a00000|  0%| F|  |TAMS 0x00000000a9900000, 0x00000000a9900000| Untracked 
| 124|0x00000000a9a00000, 0x00000000a9a00000, 0x00000000a9b00000|  0%| F|  |TAMS 0x00000000a9a00000, 0x00000000a9a00000| Untracked 
| 125|0x00000000a9b00000, 0x00000000a9b00000, 0x00000000a9c00000|  0%| F|  |TAMS 0x00000000a9b00000, 0x00000000a9b00000| Untracked 
| 126|0x00000000a9c00000, 0x00000000a9c00000, 0x00000000a9d00000|  0%| F|  |TAMS 0x00000000a9c00000, 0x00000000a9c00000| Untracked 
| 127|0x00000000a9d00000, 0x00000000a9d00000, 0x00000000a9e00000|  0%| F|  |TAMS 0x00000000a9d00000, 0x00000000a9d00000| Untracked 
| 128|0x00000000a9e00000, 0x00000000a9e00000, 0x00000000a9f00000|  0%| F|  |TAMS 0x00000000a9e00000, 0x00000000a9e00000| Untracked 
| 129|0x00000000a9f00000, 0x00000000a9f00000, 0x00000000aa000000|  0%| F|  |TAMS 0x00000000a9f00000, 0x00000000a9f00000| Untracked 
| 130|0x00000000aa000000, 0x00000000aa000000, 0x00000000aa100000|  0%| F|  |TAMS 0x00000000aa000000, 0x00000000aa000000| Untracked 
| 131|0x00000000aa100000, 0x00000000aa100000, 0x00000000aa200000|  0%| F|  |TAMS 0x00000000aa100000, 0x00000000aa100000| Untracked 
| 132|0x00000000aa200000, 0x00000000aa200000, 0x00000000aa300000|  0%| F|  |TAMS 0x00000000aa200000, 0x00000000aa200000| Untracked 
| 133|0x00000000aa300000, 0x00000000aa300000, 0x00000000aa400000|  0%| F|  |TAMS 0x00000000aa300000, 0x00000000aa300000| Untracked 
| 134|0x00000000aa400000, 0x00000000aa400000, 0x00000000aa500000|  0%| F|  |TAMS 0x00000000aa400000, 0x00000000aa400000| Untracked 
| 135|0x00000000aa500000, 0x00000000aa500000, 0x00000000aa600000|  0%| F|  |TAMS 0x00000000aa500000, 0x00000000aa500000| Untracked 
| 136|0x00000000aa600000, 0x00000000aa600000, 0x00000000aa700000|  0%| F|  |TAMS 0x00000000aa600000, 0x00000000aa600000| Untracked 
| 137|0x00000000aa700000, 0x00000000aa700000, 0x00000000aa800000|  0%| F|  |TAMS 0x00000000aa700000, 0x00000000aa700000| Untracked 
| 138|0x00000000aa800000, 0x00000000aa800000, 0x00000000aa900000|  0%| F|  |TAMS 0x00000000aa800000, 0x00000000aa800000| Untracked 
| 139|0x00000000aa900000, 0x00000000aa900000, 0x00000000aaa00000|  0%| F|  |TAMS 0x00000000aa900000, 0x00000000aa900000| Untracked 
| 140|0x00000000aaa00000, 0x00000000aaa00000, 0x00000000aab00000|  0%| F|  |TAMS 0x00000000aaa00000, 0x00000000aaa00000| Untracked 
| 141|0x00000000aab00000, 0x00000000aab00000, 0x00000000aac00000|  0%| F|  |TAMS 0x00000000aab00000, 0x00000000aab00000| Untracked 
| 142|0x00000000aac00000, 0x00000000aac00000, 0x00000000aad00000|  0%| F|  |TAMS 0x00000000aac00000, 0x00000000aac00000| Untracked 
| 143|0x00000000aad00000, 0x00000000aad00000, 0x00000000aae00000|  0%| F|  |TAMS 0x00000000aad00000, 0x00000000aad00000| Untracked 
| 144|0x00000000aae00000, 0x00000000aae00000, 0x00000000aaf00000|  0%| F|  |TAMS 0x00000000aae00000, 0x00000000aae00000| Untracked 
| 145|0x00000000aaf00000, 0x00000000aaf00000, 0x00000000ab000000|  0%| F|  |TAMS 0x00000000aaf00000, 0x00000000aaf00000| Untracked 
| 146|0x00000000ab000000, 0x00000000ab000000, 0x00000000ab100000|  0%| F|  |TAMS 0x00000000ab000000, 0x00000000ab000000| Untracked 
| 147|0x00000000ab100000, 0x00000000ab100000, 0x00000000ab200000|  0%| F|  |TAMS 0x00000000ab100000, 0x00000000ab100000| Untracked 
| 148|0x00000000ab200000, 0x00000000ab200000, 0x00000000ab300000|  0%| F|  |TAMS 0x00000000ab200000, 0x00000000ab200000| Untracked 
| 149|0x00000000ab300000, 0x00000000ab300000, 0x00000000ab400000|  0%| F|  |TAMS 0x00000000ab300000, 0x00000000ab300000| Untracked 
| 150|0x00000000ab400000, 0x00000000ab400000, 0x00000000ab500000|  0%| F|  |TAMS 0x00000000ab400000, 0x00000000ab400000| Untracked 
| 151|0x00000000ab500000, 0x00000000ab500000, 0x00000000ab600000|  0%| F|  |TAMS 0x00000000ab500000, 0x00000000ab500000| Untracked 
| 152|0x00000000ab600000, 0x00000000ab600000, 0x00000000ab700000|  0%| F|  |TAMS 0x00000000ab600000, 0x00000000ab600000| Untracked 
| 153|0x00000000ab700000, 0x00000000ab700000, 0x00000000ab800000|  0%| F|  |TAMS 0x00000000ab700000, 0x00000000ab700000| Untracked 
| 154|0x00000000ab800000, 0x00000000ab800000, 0x00000000ab900000|  0%| F|  |TAMS 0x00000000ab800000, 0x00000000ab800000| Untracked 
| 155|0x00000000ab900000, 0x00000000ab900000, 0x00000000aba00000|  0%| F|  |TAMS 0x00000000ab900000, 0x00000000ab900000| Untracked 
| 156|0x00000000aba00000, 0x00000000aba00000, 0x00000000abb00000|  0%| F|  |TAMS 0x00000000aba00000, 0x00000000aba00000| Untracked 
| 157|0x00000000abb00000, 0x00000000abb00000, 0x00000000abc00000|  0%| F|  |TAMS 0x00000000abb00000, 0x00000000abb00000| Untracked 
| 158|0x00000000abc00000, 0x00000000abc00000, 0x00000000abd00000|  0%| F|  |TAMS 0x00000000abc00000, 0x00000000abc00000| Untracked 
| 159|0x00000000abd00000, 0x00000000abd00000, 0x00000000abe00000|  0%| F|  |TAMS 0x00000000abd00000, 0x00000000abd00000| Untracked 
| 160|0x00000000abe00000, 0x00000000abe00000, 0x00000000abf00000|  0%| F|  |TAMS 0x00000000abe00000, 0x00000000abe00000| Untracked 
| 161|0x00000000abf00000, 0x00000000abf00000, 0x00000000ac000000|  0%| F|  |TAMS 0x00000000abf00000, 0x00000000abf00000| Untracked 
| 162|0x00000000ac000000, 0x00000000ac000000, 0x00000000ac100000|  0%| F|  |TAMS 0x00000000ac000000, 0x00000000ac000000| Untracked 
| 163|0x00000000ac100000, 0x00000000ac100000, 0x00000000ac200000|  0%| F|  |TAMS 0x00000000ac100000, 0x00000000ac100000| Untracked 
| 164|0x00000000ac200000, 0x00000000ac200000, 0x00000000ac300000|  0%| F|  |TAMS 0x00000000ac200000, 0x00000000ac200000| Untracked 
| 165|0x00000000ac300000, 0x00000000ac300000, 0x00000000ac400000|  0%| F|  |TAMS 0x00000000ac300000, 0x00000000ac300000| Untracked 
| 166|0x00000000ac400000, 0x00000000ac400000, 0x00000000ac500000|  0%| F|  |TAMS 0x00000000ac400000, 0x00000000ac400000| Untracked 
| 167|0x00000000ac500000, 0x00000000ac500000, 0x00000000ac600000|  0%| F|  |TAMS 0x00000000ac500000, 0x00000000ac500000| Untracked 
| 168|0x00000000ac600000, 0x00000000ac600000, 0x00000000ac700000|  0%| F|  |TAMS 0x00000000ac600000, 0x00000000ac600000| Untracked 
| 169|0x00000000ac700000, 0x00000000ac700000, 0x00000000ac800000|  0%| F|  |TAMS 0x00000000ac700000, 0x00000000ac700000| Untracked 
| 170|0x00000000ac800000, 0x00000000ac800000, 0x00000000ac900000|  0%| F|  |TAMS 0x00000000ac800000, 0x00000000ac800000| Untracked 
| 171|0x00000000ac900000, 0x00000000ac900000, 0x00000000aca00000|  0%| F|  |TAMS 0x00000000ac900000, 0x00000000ac900000| Untracked 
| 172|0x00000000aca00000, 0x00000000aca00000, 0x00000000acb00000|  0%| F|  |TAMS 0x00000000aca00000, 0x00000000aca00000| Untracked 
| 173|0x00000000acb00000, 0x00000000acb00000, 0x00000000acc00000|  0%| F|  |TAMS 0x00000000acb00000, 0x00000000acb00000| Untracked 
| 174|0x00000000acc00000, 0x00000000acc00000, 0x00000000acd00000|  0%| F|  |TAMS 0x00000000acc00000, 0x00000000acc00000| Untracked 
| 175|0x00000000acd00000, 0x00000000acd00000, 0x00000000ace00000|  0%| F|  |TAMS 0x00000000acd00000, 0x00000000acd00000| Untracked 
| 176|0x00000000ace00000, 0x00000000ace00000, 0x00000000acf00000|  0%| F|  |TAMS 0x00000000ace00000, 0x00000000ace00000| Untracked 
| 177|0x00000000acf00000, 0x00000000acf00000, 0x00000000ad000000|  0%| F|  |TAMS 0x00000000acf00000, 0x00000000acf00000| Untracked 
| 178|0x00000000ad000000, 0x00000000ad000000, 0x00000000ad100000|  0%| F|  |TAMS 0x00000000ad000000, 0x00000000ad000000| Untracked 
| 179|0x00000000ad100000, 0x00000000ad100000, 0x00000000ad200000|  0%| F|  |TAMS 0x00000000ad100000, 0x00000000ad100000| Untracked 
| 180|0x00000000ad200000, 0x00000000ad200000, 0x00000000ad300000|  0%| F|  |TAMS 0x00000000ad200000, 0x00000000ad200000| Untracked 
| 181|0x00000000ad300000, 0x00000000ad300000, 0x00000000ad400000|  0%| F|  |TAMS 0x00000000ad300000, 0x00000000ad300000| Untracked 
| 182|0x00000000ad400000, 0x00000000ad400000, 0x00000000ad500000|  0%| F|  |TAMS 0x00000000ad400000, 0x00000000ad400000| Untracked 
| 183|0x00000000ad500000, 0x00000000ad500000, 0x00000000ad600000|  0%| F|  |TAMS 0x00000000ad500000, 0x00000000ad500000| Untracked 
| 184|0x00000000ad600000, 0x00000000ad600000, 0x00000000ad700000|  0%| F|  |TAMS 0x00000000ad600000, 0x00000000ad600000| Untracked 
| 185|0x00000000ad700000, 0x00000000ad700000, 0x00000000ad800000|  0%| F|  |TAMS 0x00000000ad700000, 0x00000000ad700000| Untracked 
| 186|0x00000000ad800000, 0x00000000ad800000, 0x00000000ad900000|  0%| F|  |TAMS 0x00000000ad800000, 0x00000000ad800000| Untracked 
| 187|0x00000000ad900000, 0x00000000ad900000, 0x00000000ada00000|  0%| F|  |TAMS 0x00000000ad900000, 0x00000000ad900000| Untracked 
| 188|0x00000000ada00000, 0x00000000ada00000, 0x00000000adb00000|  0%| F|  |TAMS 0x00000000ada00000, 0x00000000ada00000| Untracked 
| 189|0x00000000adb00000, 0x00000000adb00000, 0x00000000adc00000|  0%| F|  |TAMS 0x00000000adb00000, 0x00000000adb00000| Untracked 
| 190|0x00000000adc00000, 0x00000000adc00000, 0x00000000add00000|  0%| F|  |TAMS 0x00000000adc00000, 0x00000000adc00000| Untracked 
| 191|0x00000000add00000, 0x00000000add00000, 0x00000000ade00000|  0%| F|  |TAMS 0x00000000add00000, 0x00000000add00000| Untracked 

Card table byte_map: [0x0000020938ed0000,0x00000209391d0000] _byte_map_base: 0x00000209389c1000

Marking Bits (Prev, Next): (CMBitMap*) 0x0000020922487e40, (CMBitMap*) 0x0000020922487e80
 Prev Bits: [0x00000209394d0000, 0x000002093ac58000)
 Next Bits: [0x000002093ac60000, 0x000002093c3e8000)

Polling page: 0x0000020920460000

Metaspace:

Usage:
  Non-class:    827.39 KB used.
      Class:     61.27 KB used.
       Both:    888.66 KB used.

Virtual space:
  Non-class space:        8.00 MB reserved,     896.00 KB ( 11%) committed,  1 nodes.
      Class space:        1.00 GB reserved,     128.00 KB ( <1%) committed,  1 nodes.
              Both:        1.01 GB reserved,       1.00 MB ( <1%) committed. 

Chunk freelists:
   Non-Class:  3.95 MB
       Class:  3.73 MB
        Both:  7.68 MB

MaxMetaspaceSize: 17179869184.00 GB
CompressedClassSpaceSize: 1.00 GB
 - commit_granule_bytes: 65536.
 - commit_granule_words: 8192.
 - virtual_space_node_default_size: 1048576.
 - enlarge_chunks_in_place: 1.
 - new_chunks_are_fully_committed: 0.
 - uncommit_free_chunks: 1.
 - use_allocation_guard: 0.
 - handle_deallocations: 1.


Internal statistics:

num_allocs_failed_limit: 0.
num_arena_births: 34.
num_arena_deaths: 0.
num_vsnodes_births: 2.
num_vsnodes_deaths: 0.
num_space_committed: 16.
num_space_uncommitted: 0.
num_chunks_returned_to_freelist: 0.
num_chunks_taken_from_freelist: 42.
num_chunk_merges: 0.
num_chunk_splits: 27.
num_chunks_enlarged: 16.
num_purges: 0.

CodeHeap 'non-profiled nmethods': size=120000Kb used=139Kb max_used=139Kb free=119860Kb
 bounds [0x00000209316a0000, 0x0000020931910000, 0x0000020938bd0000]
CodeHeap 'profiled nmethods': size=120000Kb used=408Kb max_used=408Kb free=119591Kb
 bounds [0x000002092a170000, 0x000002092a3e0000, 0x00000209316a0000]
CodeHeap 'non-nmethods': size=5760Kb used=1135Kb max_used=1163Kb free=4624Kb
 bounds [0x0000020929bd0000, 0x0000020929e40000, 0x000002092a170000]
 total_blobs=776 nmethods=360 adapters=329
 compilation: enabled
              stopped_count=0, restarted_count=0
 full_count=0

Compilation events (20 events):
Event: 0.376 Thread 0x000002093f6a52a0 nmethod 351 0x00000209316bfb10 code [0x00000209316bfca0, 0x00000209316bfd98]
Event: 0.376 Thread 0x000002093f6a52a0  352       4       java.lang.invoke.DirectMethodHandle$Holder::invokeStatic (17 bytes)
Event: 0.377 Thread 0x000002093f6a52a0 nmethod 352 0x00000209316bff10 code [0x00000209316c00a0, 0x00000209316c0168]
Event: 0.377 Thread 0x000002093e85a9f0 nmethod 350 0x00000209316c0290 code [0x00000209316c0420, 0x00000209316c0538]
Event: 0.377 Thread 0x000002093f6a52a0  353       4       java.lang.invoke.LambdaForm$MH/0x0000000800c03400::invoke (27 bytes)
Event: 0.378 Thread 0x000002093f6a52a0 nmethod 353 0x00000209316c0610 code [0x00000209316c07a0, 0x00000209316c0898]
Event: 0.387 Thread 0x000002093f6a52a0  354       4       java.lang.StringConcatHelper::newArrayWithSuffix (40 bytes)
Event: 0.387 Thread 0x000002093e85a9f0  355       4       java.lang.invoke.LambdaForm$MH/0x0000000800c02c00::invoke (32 bytes)
Event: 0.389 Thread 0x000002093e85a9f0 nmethod 355 0x00000209316c0a10 code [0x00000209316c0ba0, 0x00000209316c0cb8]
Event: 0.389 Thread 0x000002093e85a9f0  356       4       java.lang.invoke.DirectMethodHandle$Holder::invokeStatic (21 bytes)
Event: 0.390 Thread 0x000002093e85a9f0 nmethod 356 0x00000209316c0e10 code [0x00000209316c0fa0, 0x00000209316c1088]
Event: 0.390 Thread 0x000002093e85a9f0  357       4       java.lang.StringConcatHelper::prepend (22 bytes)
Event: 0.391 Thread 0x000002093f6a52a0 nmethod 354 0x00000209316c1190 code [0x00000209316c1320, 0x00000209316c1598]
Event: 0.391 Thread 0x000002093f6a52a0  358       4       java.lang.invoke.LambdaForm$MH/0x0000000800c02400::invoke (32 bytes)
Event: 0.393 Thread 0x000002093f6a52a0 nmethod 358 0x00000209316c1790 code [0x00000209316c1920, 0x00000209316c1a38]
Event: 0.393 Thread 0x000002093f6a52a0  359       4       java.lang.invoke.DirectMethodHandle$Holder::invokeStatic (21 bytes)
Event: 0.394 Thread 0x000002093f6a52a0 nmethod 359 0x00000209316c1b90 code [0x00000209316c1d20, 0x00000209316c1e08]
Event: 0.394 Thread 0x000002093f6a52a0  360       4       java.lang.StringConcatHelper::prepend (22 bytes)
Event: 0.447 Thread 0x000002093f6a52a0 nmethod 360 0x00000209316c1f10 code [0x00000209316c20a0, 0x00000209316c2258]
Event: 0.447 Thread 0x000002093e85a9f0 nmethod 357 0x00000209316c2490 code [0x00000209316c2620, 0x00000209316c2ad8]

GC Heap History (20 events):
Event: 0.297 GC heap after
{Heap after GC invocations=1 (full 0):
 garbage-first heap   total 98304K, used 1456K [0x00000000a1e00000, 0x0000000100000000)
  region size 1024K, 2 young (2048K), 2 survivors (2048K)
 Metaspace       used 888K, committed 1024K, reserved 1056768K
  class space    used 61K, committed 128K, reserved 1048576K
}
Event: 0.306 GC heap before
{Heap before GC invocations=1 (full 0):
 garbage-first heap   total 98304K, used 18864K [0x00000000a1e00000, 0x0000000100000000)
  region size 1024K, 20 young (20480K), 2 survivors (2048K)
 Metaspace       used 888K, committed 1024K, reserved 1056768K
  class space    used 61K, committed 128K, reserved 1048576K
}
Event: 0.308 GC heap after
{Heap after GC invocations=2 (full 0):
 garbage-first heap   total 98304K, used 1550K [0x00000000a1e00000, 0x0000000100000000)
  region size 1024K, 2 young (2048K), 2 survivors (2048K)
 Metaspace       used 888K, committed 1024K, reserved 1056768K
  class space    used 61K, committed 128K, reserved 1048576K
}
Event: 0.343 GC heap before
{Heap before GC invocations=2 (full 0):
 garbage-first heap   total 98304K, used 56846K [0x00000000a1e00000, 0x0000000100000000)
  region size 1024K, 57 young (58368K), 2 survivors (2048K)
 Metaspace       used 888K, committed 1024K, reserved 1056768K
  class space    used 61K, committed 128K, reserved 1048576K
}
Event: 0.345 GC heap after
{Heap after GC invocations=3 (full 0):
 garbage-first heap   total 98304K, used 1603K [0x00000000a1e00000, 0x0000000100000000)
  region size 1024K, 2 young (2048K), 2 survivors (2048K)
 Metaspace       used 888K, committed 1024K, reserved 1056768K
  class space    used 61K, committed 128K, reserved 1048576K
}
Event: 0.361 GC heap before
{Heap before GC invocations=3 (full 0):
 garbage-first heap   total 98304K, used 56899K [0x00000000a1e00000, 0x0000000100000000)
  region size 1024K, 57 young (58368K), 2 survivors (2048K)
 Metaspace       used 888K, committed 1024K, reserved 1056768K
  class space    used 61K, committed 128K, reserved 1048576K
}
Event: 0.362 GC heap after
{Heap after GC invocations=4 (full 0):
 garbage-first heap   total 98304K, used 1499K [0x00000000a1e00000, 0x0000000100000000)
  region size 1024K, 2 young (2048K), 2 survivors (2048K)
 Metaspace       used 888K, committed 1024K, reserved 1056768K
  class space    used 61K, committed 128K, reserved 1048576K
}
Event: 0.379 GC heap before
{Heap before GC invocations=4 (full 0):
 garbage-first heap   total 98304K, used 56795K [0x00000000a1e00000, 0x0000000100000000)
  region size 1024K, 57 young (58368K), 2 survivors (2048K)
 Metaspace       used 888K, committed 1024K, reserved 1056768K
  class space    used 61K, committed 128K, reserved 1048576K
}
Event: 0.380 GC heap after
{Heap after GC invocations=5 (full 0):
 garbage-first heap   total 98304K, used 1502K [0x00000000a1e00000, 0x0000000100000000)
  region size 1024K, 2 young (2048K), 2 survivors (2048K)
 Metaspace       used 888K, committed 1024K, reserved 1056768K
  class space    used 61K, committed 128K, reserved 1048576K
}
Event: 0.396 GC heap before
{Heap before GC invocations=5 (full 0):
 garbage-first heap   total 98304K, used 56798K [0x00000000a1e00000, 0x0000000100000000)
  region size 1024K, 57 young (58368K), 2 survivors (2048K)
 Metaspace       used 888K, committed 1024K, reserved 1056768K
  class space    used 61K, committed 128K, reserved 1048576K
}
Event: 0.447 GC heap after
{Heap after GC invocations=6 (full 0):
 garbage-first heap   total 196608K, used 1609K [0x00000000a1e00000, 0x0000000100000000)
  region size 1024K, 2 young (2048K), 2 survivors (2048K)
 Metaspace       used 888K, committed 1024K, reserved 1056768K
  class space    used 61K, committed 128K, reserved 1048576K
}
Event: 0.522 GC heap before
{Heap before GC invocations=6 (full 0):
 garbage-first heap   total 196608K, used 116297K [0x00000000a1e00000, 0x0000000100000000)
  region size 1024K, 115 young (117760K), 2 survivors (2048K)
 Metaspace       used 888K, committed 1024K, reserved 1056768K
  class space    used 61K, committed 128K, reserved 1048576K
}
Event: 0.524 GC heap after
{Heap after GC invocations=7 (full 0):
 garbage-first heap   total 196608K, used 1578K [0x00000000a1e00000, 0x0000000100000000)
  region size 1024K, 2 young (2048K), 2 survivors (2048K)
 Metaspace       used 888K, committed 1024K, reserved 1056768K
  class space    used 61K, committed 128K, reserved 1048576K
}
Event: 0.551 GC heap before
{Heap before GC invocations=7 (full 0):
 garbage-first heap   total 196608K, used 116266K [0x00000000a1e00000, 0x0000000100000000)
  region size 1024K, 115 young (117760K), 2 survivors (2048K)
 Metaspace       used 888K, committed 1024K, reserved 1056768K
  class space    used 61K, committed 128K, reserved 1048576K
}
Event: 0.552 GC heap after
{Heap after GC invocations=8 (full 0):
 garbage-first heap   total 196608K, used 1574K [0x00000000a1e00000, 0x0000000100000000)
  region size 1024K, 2 young (2048K), 2 survivors (2048K)
 Metaspace       used 888K, committed 1024K, reserved 1056768K
  class space    used 61K, committed 128K, reserved 1048576K
}
Event: 0.584 GC heap before
{Heap before GC invocations=8 (full 0):
 garbage-first heap   total 196608K, used 116262K [0x00000000a1e00000, 0x0000000100000000)
  region size 1024K, 115 young (117760K), 2 survivors (2048K)
 Metaspace       used 888K, committed 1024K, reserved 1056768K
  class space    used 61K, committed 128K, reserved 1048576K
}
Event: 0.586 GC heap after
{Heap after GC invocations=9 (full 0):
 garbage-first heap   total 196608K, used 1617K [0x00000000a1e00000, 0x0000000100000000)
  region size 1024K, 2 young (2048K), 2 survivors (2048K)
 Metaspace       used 888K, committed 1024K, reserved 1056768K
  class space    used 61K, committed 128K, reserved 1048576K
}
Event: 0.622 GC heap before
{Heap before GC invocations=9 (full 0):
 garbage-first heap   total 196608K, used 116305K [0x00000000a1e00000, 0x0000000100000000)
  region size 1024K, 115 young (117760K), 2 survivors (2048K)
 Metaspace       used 888K, committed 1024K, reserved 1056768K
  class space    used 61K, committed 128K, reserved 1048576K
}
Event: 0.624 GC heap after
{Heap after GC invocations=10 (full 0):
 garbage-first heap   total 196608K, used 1793K [0x00000000a1e00000, 0x0000000100000000)
  region size 1024K, 2 young (2048K), 2 survivors (2048K)
 Metaspace       used 888K, committed 1024K, reserved 1056768K
  class space    used 61K, committed 128K, reserved 1048576K
}
Event: 0.664 GC heap before
{Heap before GC invocations=10 (full 0):
 garbage-first heap   total 196608K, used 116481K [0x00000000a1e00000, 0x0000000100000000)
  region size 1024K, 115 young (117760K), 2 survivors (2048K)
 Metaspace       used 888K, committed 1024K, reserved 1056768K
  class space    used 61K, committed 128K, reserved 1048576K
}

Deoptimization events (20 events):
Event: 0.206 Thread 0x000002092244f310 DEOPT PACKING pc=0x000002092a19fd14 sp=0x00000021c74fde30
Event: 0.206 Thread 0x000002092244f310 DEOPT UNPACKING pc=0x0000020929c1dece sp=0x00000021c74fd2e0 mode 0
Event: 0.207 Thread 0x000002092244f310 DEOPT PACKING pc=0x000002092a19fd14 sp=0x00000021c74fde30
Event: 0.207 Thread 0x000002092244f310 DEOPT UNPACKING pc=0x0000020929c1dece sp=0x00000021c74fd2e0 mode 0
Event: 0.329 Thread 0x000002092244f310 Uncommon trap: trap_request=0xffffffde fr.pc=0x00000209316bc230 relative=0x0000000000000110
Event: 0.329 Thread 0x000002092244f310 Uncommon trap: reason=class_check action=maybe_recompile pc=0x00000209316bc230 method=jdk.internal.misc.Unsafe.allocateUninitializedArray(Ljava/lang/Class;I)Ljava/lang/Object; @ 51 c2
Event: 0.329 Thread 0x000002092244f310 DEOPT PACKING pc=0x00000209316bc230 sp=0x00000021c74ff0e0
Event: 0.329 Thread 0x000002092244f310 DEOPT UNPACKING pc=0x0000020929c1d72e sp=0x00000021c74ff068 mode 2
Event: 0.329 Thread 0x000002092244f310 Uncommon trap: trap_request=0xffffffde fr.pc=0x00000209316bc230 relative=0x0000000000000110
Event: 0.329 Thread 0x000002092244f310 Uncommon trap: reason=class_check action=maybe_recompile pc=0x00000209316bc230 method=jdk.internal.misc.Unsafe.allocateUninitializedArray(Ljava/lang/Class;I)Ljava/lang/Object; @ 51 c2
Event: 0.329 Thread 0x000002092244f310 DEOPT PACKING pc=0x00000209316bc230 sp=0x00000021c74ff0e0
Event: 0.329 Thread 0x000002092244f310 DEOPT UNPACKING pc=0x0000020929c1d72e sp=0x00000021c74ff068 mode 2
Event: 0.329 Thread 0x000002092244f310 Uncommon trap: trap_request=0xffffffde fr.pc=0x00000209316bc230 relative=0x0000000000000110
Event: 0.329 Thread 0x000002092244f310 Uncommon trap: reason=class_check action=maybe_recompile pc=0x00000209316bc230 method=jdk.internal.misc.Unsafe.allocateUninitializedArray(Ljava/lang/Class;I)Ljava/lang/Object; @ 51 c2
Event: 0.329 Thread 0x000002092244f310 DEOPT PACKING pc=0x00000209316bc230 sp=0x00000021c74ff0e0
Event: 0.329 Thread 0x000002092244f310 DEOPT UNPACKING pc=0x0000020929c1d72e sp=0x00000021c74ff068 mode 2
Event: 0.330 Thread 0x000002092244f310 Uncommon trap: trap_request=0xffffffde fr.pc=0x00000209316bc230 relative=0x0000000000000110
Event: 0.330 Thread 0x000002092244f310 Uncommon trap: reason=class_check action=maybe_recompile pc=0x00000209316bc230 method=jdk.internal.misc.Unsafe.allocateUninitializedArray(Ljava/lang/Class;I)Ljava/lang/Object; @ 51 c2
Event: 0.330 Thread 0x000002092244f310 DEOPT PACKING pc=0x00000209316bc230 sp=0x00000021c74ff0e0
Event: 0.330 Thread 0x000002092244f310 DEOPT UNPACKING pc=0x0000020929c1d72e sp=0x00000021c74ff068 mode 2

Classes unloaded (0 events):
No events

Classes redefined (0 events):
No events

Internal exceptions (3 events):
Event: 0.225 Thread 0x000002093f50fff0 Exception <a 'java/lang/NoSuchMethodError'{0x00000000a7b95f90}: 'java.lang.Object java.lang.invoke.DirectMethodHandle$Holder.invokeStatic(java.lang.Object)'> (0x00000000a7b95f90) 
thrown [t:\workspace\open\src\hotspot\share\interpreter\linkResolver.cpp, line 790]
Event: 0.226 Thread 0x000002093f50fff0 Exception <a 'java/lang/NoSuchMethodError'{0x00000000a7b998a0}: 'java.lang.Object java.lang.invoke.DirectMethodHandle$Holder.invokeStaticInit(java.lang.Object)'> (0x00000000a7b998a0) 
thrown [t:\workspace\open\src\hotspot\share\interpreter\linkResolver.cpp, line 790]
Event: 0.234 Thread 0x000002093f50fff0 Exception <a 'java/lang/NoSuchMethodError'{0x00000000a7ba7598}: 'void java.lang.invoke.DirectMethodHandle$Holder.invokeStatic(java.lang.Object, java.lang.Object)'> (0x00000000a7ba7598) 
thrown [t:\workspace\open\src\hotspot\share\interpreter\linkResolver.cpp, line 790]

Events (20 events):
Event: 0.306 Executing  VM operation: G1CollectForAllocation
Event: 0.308 Executing  VM operation: G1CollectForAllocation done
Event: 0.343 Executing  VM operation: G1CollectForAllocation
Event: 0.345 Executing  VM operation: G1CollectForAllocation done
Event: 0.361 Executing  VM operation: G1CollectForAllocation
Event: 0.363 Executing  VM operation: G1CollectForAllocation done
Event: 0.374 Thread 0x000002093f6a52a0 Thread added: 0x000002093f6a52a0
Event: 0.378 Executing  VM operation: G1CollectForAllocation
Event: 0.380 Executing  VM operation: G1CollectForAllocation done
Event: 0.396 Executing  VM operation: G1CollectForAllocation
Event: 0.447 Executing  VM operation: G1CollectForAllocation done
Event: 0.522 Executing  VM operation: G1CollectForAllocation
Event: 0.524 Executing  VM operation: G1CollectForAllocation done
Event: 0.551 Executing  VM operation: G1CollectForAllocation
Event: 0.552 Executing  VM operation: G1CollectForAllocation done
Event: 0.584 Executing  VM operation: G1CollectForAllocation
Event: 0.587 Executing  VM operation: G1CollectForAllocation done
Event: 0.622 Executing  VM operation: G1CollectForAllocation
Event: 0.624 Executing  VM operation: G1CollectForAllocation done
Event: 0.664 Executing  VM operation: G1CollectForAllocation


Dynamic libraries:
0x00007ff6efbf0000 - 0x00007ff6efc00000 	C:\Program Files\Java\jdk-16.0.1\bin\java.exe
0x00007ff89a6f0000 - 0x00007ff89a8e5000 	C:\Windows\SYSTEM32\ntdll.dll
0x00007ff86ac20000 - 0x00007ff86ac33000 	C:\Program Files\Avast Software\Avast\aswhook.dll
0x00007ff899a00000 - 0x00007ff899abd000 	C:\Windows\System32\KERNEL32.DLL
0x00007ff897f30000 - 0x00007ff8981f8000 	C:\Windows\System32\KERNELBASE.dll
0x00007ff898280000 - 0x00007ff898380000 	C:\Windows\System32\ucrtbase.dll
0x00007ff893bb0000 - 0x00007ff893bc8000 	C:\Program Files\Java\jdk-16.0.1\bin\jli.dll
0x00007ff89a2b0000 - 0x00007ff89a35c000 	C:\Windows\System32\ADVAPI32.dll
0x00007ff89a160000 - 0x00007ff89a1fe000 	C:\Windows\System32\msvcrt.dll
0x00007ff899ac0000 - 0x00007ff899b5b000 	C:\Windows\System32\sechost.dll
0x00007ff899540000 - 0x00007ff89966b000 	C:\Windows\System32\RPCRT4.dll
0x00007ff8939f0000 - 0x00007ff893a09000 	C:\Program Files\Java\jdk-16.0.1\bin\VCRUNTIME140.dll
0x00007ff899670000 - 0x00007ff899810000 	C:\Windows\System32\USER32.dll
0x00007ff898720000 - 0x00007ff898742000 	C:\Windows\System32\win32u.dll
0x00007ff89a370000 - 0x00007ff89a39a000 	C:\Windows\System32\GDI32.dll
0x00007ff898380000 - 0x00007ff89848b000 	C:\Windows\System32\gdi32full.dll
0x00007ff898520000 - 0x00007ff8985bd000 	C:\Windows\System32\msvcp_win.dll
0x00007ff888260000 - 0x00007ff8884fa000 	C:\Windows\WinSxS\amd64_microsoft.windows.common-controls_6595b64144ccf1df_6.0.19041.844_none_ca00b6081b84eb1d\COMCTL32.dll
0x00007ff8901f0000 - 0x00007ff8901fa000 	C:\Windows\SYSTEM32\VERSION.dll
0x00007ff898950000 - 0x00007ff898980000 	C:\Windows\System32\IMM32.DLL
0x00007ff893d20000 - 0x00007ff893d2c000 	C:\Program Files\Java\jdk-16.0.1\bin\vcruntime140_1.dll
0x00007ff890f10000 - 0x00007ff890fa1000 	C:\Program Files\Java\jdk-16.0.1\bin\msvcp140.dll
0x00007ff864dc0000 - 0x00007ff86596b000 	C:\Program Files\Java\jdk-16.0.1\bin\server\jvm.dll
0x00007ff898940000 - 0x00007ff898948000 	C:\Windows\System32\PSAPI.DLL
0x00007ff885fe0000 - 0x00007ff885fe9000 	C:\Windows\SYSTEM32\WSOCK32.dll
0x00007ff89a3a0000 - 0x00007ff89a40b000 	C:\Windows\System32\WS2_32.dll
0x00007ff88ff80000 - 0x00007ff88ffa7000 	C:\Windows\SYSTEM32\WINMM.dll
0x00007ff895d80000 - 0x00007ff895d92000 	C:\Windows\SYSTEM32\kernel.appcore.dll
0x00007ff8939e0000 - 0x00007ff8939ea000 	C:\Program Files\Java\jdk-16.0.1\bin\jimage.dll
0x00007ff88e8e0000 - 0x00007ff88eac4000 	C:\Windows\SYSTEM32\DBGHELP.DLL
0x00007ff88dd00000 - 0x00007ff88dd2c000 	C:\Windows\SYSTEM32\dbgcore.DLL
0x00007ff898200000 - 0x00007ff898280000 	C:\Windows\System32\bcryptPrimitives.dll
0x00007ff893430000 - 0x00007ff89343e000 	C:\Program Files\Java\jdk-16.0.1\bin\instrument.dll
0x00007ff893400000 - 0x00007ff893425000 	C:\Program Files\Java\jdk-16.0.1\bin\java.dll
0x00007ff898df0000 - 0x00007ff899532000 	C:\Windows\System32\SHELL32.dll
0x00007ff895f80000 - 0x00007ff896710000 	C:\Windows\SYSTEM32\windows.storage.dll
0x00007ff899b80000 - 0x00007ff899ed5000 	C:\Windows\System32\combase.dll
0x00007ff8977d0000 - 0x00007ff8977fc000 	C:\Windows\SYSTEM32\Wldp.dll
0x00007ff89a4a0000 - 0x00007ff89a54e000 	C:\Windows\System32\SHCORE.dll
0x00007ff89a0a0000 - 0x00007ff89a0f5000 	C:\Windows\System32\shlwapi.dll
0x00007ff897d70000 - 0x00007ff897d8f000 	C:\Windows\SYSTEM32\profapi.dll
0x00007ff891020000 - 0x00007ff891038000 	C:\Program Files\Java\jdk-16.0.1\bin\zip.dll
0x00007ff8923e0000 - 0x00007ff8923f9000 	C:\Program Files\Java\jdk-16.0.1\bin\net.dll
0x00007ff88c990000 - 0x00007ff88ca9b000 	C:\Windows\SYSTEM32\WINHTTP.dll
0x00007ff897540000 - 0x00007ff8975aa000 	C:\Windows\system32\mswsock.dll
0x00007ff8923c0000 - 0x00007ff8923d3000 	C:\Program Files\Java\jdk-16.0.1\bin\nio.dll
0x00007ff88d680000 - 0x00007ff88d69a000 	C:\Program Files\JetBrains\IntelliJ IDEA Community Edition 2021.1.1\bin\breakgen64.dll

dbghelp: loaded successfully - version: 4.0.5 - missing functions: none
symbol engine: initialized successfully - sym options: 0x614 - pdb path: .;C:\Program Files\Java\jdk-16.0.1\bin;C:\Windows\SYSTEM32;C:\Program Files\Avast Software\Avast;C:\Windows\WinSxS\amd64_microsoft.windows.common-controls_6595b64144ccf1df_6.0.19041.844_none_ca00b6081b84eb1d;C:\Program Files\Java\jdk-16.0.1\bin\server;C:\Program Files\JetBrains\IntelliJ IDEA Community Edition 2021.1.1\bin

VM Arguments:
jvm_args: -javaagent:C:\Program Files\JetBrains\IntelliJ IDEA Community Edition 2021.1.1\lib\idea_rt.jar=50387:C:\Program Files\JetBrains\IntelliJ IDEA Community Edition 2021.1.1\bin -Dfile.encoding=UTF-8 
java_command: day8.Task1
java_class_path (initial): C:\JavaLearn\JavaMarathon2021\target\classes;C:\Users\User\.m2\repository\com\github\lkoskela\beaninject\0.9\beaninject-0.9.jar;C:\Users\User\.m2\repository\org\openjfx\javafx-controls\13\javafx-controls-13.jar;C:\Users\User\.m2\repository\org\openjfx\javafx-controls\13\javafx-controls-13-win.jar;C:\Users\User\.m2\repository\org\openjfx\javafx-graphics\13\javafx-graphics-13.jar;C:\Users\User\.m2\repository\org\openjfx\javafx-graphics\13\javafx-graphics-13-win.jar;C:\Users\User\.m2\repository\org\openjfx\javafx-base\13\javafx-base-13.jar;C:\Users\User\.m2\repository\org\openjfx\javafx-base\13\javafx-base-13-win.jar;C:\Users\User\.m2\repository\org\openjfx\javafx-fxml\13\javafx-fxml-13.jar;C:\Users\User\.m2\repository\org\openjfx\javafx-fxml\13\javafx-fxml-13-win.jar
Launcher Type: SUN_STANDARD

[Global flags]
     intx CICompilerCount                          = 3                                         {product} {ergonomic}
     uint ConcGCThreads                            = 1                                         {product} {ergonomic}
     uint G1ConcRefinementThreads                  = 4                                         {product} {ergonomic}
   size_t G1HeapRegionSize                         = 1048576                                   {product} {ergonomic}
    uintx GCDrainStackTargetSize                   = 64                                        {product} {ergonomic}
   size_t InitialHeapSize                          = 100663296                                 {product} {ergonomic}
   size_t MarkStackSize                            = 4194304                                   {product} {ergonomic}
   size_t MaxHeapSize                              = 1579155456                                {product} {ergonomic}
   size_t MaxNewSize                               = 946864128                                 {product} {ergonomic}
   size_t MinHeapDeltaBytes                        = 1048576                                   {product} {ergonomic}
   size_t MinHeapSize                              = 8388608                                   {product} {ergonomic}
    uintx NonNMethodCodeHeapSize                   = 5832780                                {pd product} {ergonomic}
    uintx NonProfiledCodeHeapSize                  = 122912730                              {pd product} {ergonomic}
    uintx ProfiledCodeHeapSize                     = 122912730                              {pd product} {ergonomic}
    uintx ReservedCodeCacheSize                    = 251658240                              {pd product} {ergonomic}
     bool SegmentedCodeCache                       = true                                      {product} {ergonomic}
   size_t SoftMaxHeapSize                          = 1579155456                             {manageable} {ergonomic}
     bool UseCompressedClassPointers               = true                           {product lp64_product} {ergonomic}
     bool UseCompressedOops                        = true                           {product lp64_product} {ergonomic}
     bool UseG1GC                                  = true                                      {product} {ergonomic}
     bool UseLargePagesIndividualAllocation        = false                                  {pd product} {ergonomic}

Logging:
Log output configuration:
 #0: stdout all=warning uptime,level,tags
 #1: stderr all=off uptime,level,tags

Environment Variables:
JAVA_HOME=C:\Program Files\Java\jdk-16.0.1
PATH=C:\Program Files\Common Files\Oracle\Java\javapath;C:\Windows\system32;C:\Windows;C:\Windows\System32\Wbem;C:\Windows\System32\WindowsPowerShell\v1.0\;C:\Windows\System32\OpenSSH\;C:\Program Files\Git\cmd;C:\Program Files\Git\mingw64\bin;C:\Program Files\Git\usr\bin;C:\Users\User\AppData\Local\Microsoft\WindowsApps;
USERNAME=User
OS=Windows_NT
PROCESSOR_IDENTIFIER=AMD64 Family 23 Model 24 Stepping 1, AuthenticAMD



---------------  S Y S T E M  ---------------

OS:
 Windows 10 , 64 bit Build 19041 (10.0.19041.928)
OS uptime: 13 days 0:04 hours

CPU: total 4 (initial active 4) (4 cores per cpu, 2 threads per core) family 23 model 24 stepping 1 microcode 0x0, cx8, cmov, fxsr, ht, mmx, 3dnowpref, sse, sse2, sse3, ssse3, sse4a, sse4.1, sse4.2, popcnt, lzcnt, tsc, tscinvbit, avx, avx2, aes, clmul, bmi1, bmi2, adx, sha, fma, vzeroupper, clflush, clflushopt

Memory: 4k page, system-wide physical 6020M (362M free)
TotalPageFile size 8963M (AvailPageFile size 152M)
current process WorkingSet (physical memory assigned to process): 188M, peak: 188M
current process commit charge ("private bytes"): 270M, peak: 578M

vm_info: Java HotSpot(TM) 64-Bit Server VM (16.0.1+9-24) for windows-amd64 JRE (16.0.1+9-24), built on Mar 26 2021 19:31:42 by "mach5one" with MS VC++ 16.7 (VS2019)

END.
